Zedd is now listening on http://0.0.0.0:7337 
Exposed filesystem : /home/evennia 
Mode               : remote (externally accessible) 
Command execution  : disabled 
Authentication     : enabled
POST /
GET /
GET //game
GET //game/evennia
HEAD /game
POST /game
POST /game
GET /game/.zedstate
GET /game/orpheum/__init__.py
GET /game/orpheum/nohup.out
HEAD /game/orpheum/nohup.out
GET /game/orpheum/nohup.out
HEAD /game/orpheum/nohup.out
GET /game/orpheum/nohup.out
HEAD /game/orpheum/nohup.out
GET /game/orpheum/nohup.out
GET /game/orpheum/world/README.md
HEAD /game/orpheum/world/README.md
GET /game/orpheum/world/__init__.py
HEAD /game/orpheum/world/__init__.py
GET /game/orpheum/world/batch_cmds.ev
GET /game/orpheum/world/prototypes.py
HEAD /game/orpheum/world/prototypes.py
HEAD /game/orpheum/world/prototypes.py
GET /game/INSTALL.md
HEAD /game/INSTALL.md
HEAD /game/INSTALL.md
HEAD /game/INSTALL.md
HEAD /game/INSTALL.md
HEAD /game/INSTALL.md
HEAD /game/INSTALL.md
HEAD /game/INSTALL.md
HEAD /game/INSTALL.md
HEAD /game/INSTALL.md
HEAD /game/INSTALL.md
HEAD /game/INSTALL.md
HEAD /game/INSTALL.md
HEAD /game/INSTALL.md
HEAD /game/INSTALL.md
HEAD /game/INSTALL.md
HEAD /game/INSTALL.md
HEAD /game/INSTALL.md
HEAD /game/INSTALL.md
HEAD /game/INSTALL.md
HEAD /game/INSTALL.md
HEAD /game/INSTALL.md
HEAD /game/INSTALL.md
HEAD /game/INSTALL.md
HEAD /game/INSTALL.md
HEAD /game/INSTALL.md
HEAD /game/INSTALL.md
HEAD /game/INSTALL.md
HEAD /game/INSTALL.md
HEAD /game/INSTALL.md
HEAD /game/INSTALL.md
HEAD /game/INSTALL.md
HEAD /game/INSTALL.md
HEAD /game/INSTALL.md
HEAD /game/INSTALL.md
HEAD /game/INSTALL.md
HEAD /game/INSTALL.md
HEAD /game/INSTALL.md
HEAD /game/INSTALL.md
HEAD /game/INSTALL.md
HEAD /game/INSTALL.md
HEAD /game/INSTALL.md
HEAD /game/INSTALL.md
HEAD /game/INSTALL.md
HEAD /game/INSTALL.md
HEAD /game/INSTALL.md
HEAD /game/INSTALL.md
HEAD /game/INSTALL.md
HEAD /game/INSTALL.md
HEAD /game/INSTALL.md
HEAD /game/INSTALL.md
HEAD /game/INSTALL.md
HEAD /game/INSTALL.md
HEAD /game/INSTALL.md
HEAD /game/INSTALL.md
HEAD /game/INSTALL.md
HEAD /game/INSTALL.md
HEAD /game/INSTALL.md
HEAD /game/INSTALL.md
HEAD /game/INSTALL.md
HEAD /game/INSTALL.md
HEAD /game/INSTALL.md
HEAD /game/INSTALL.md
HEAD /game/INSTALL.md
HEAD /game/INSTALL.md
HEAD /game/INSTALL.md
HEAD /game/INSTALL.md
HEAD /game/INSTALL.md
HEAD /game/INSTALL.md
HEAD /game/INSTALL.md
HEAD /game/INSTALL.md
HEAD /game/INSTALL.md
HEAD /game/INSTALL.md
HEAD /game/INSTALL.md
HEAD /game/INSTALL.md
HEAD /game/INSTALL.md
HEAD /game/INSTALL.md
HEAD /game/INSTALL.md
HEAD /game/INSTALL.md
HEAD /game/INSTALL.md
HEAD /game/INSTALL.md
HEAD /game/INSTALL.md
HEAD /game/INSTALL.md
HEAD /game/INSTALL.md
HEAD /game/INSTALL.md
HEAD /game/INSTALL.md
HEAD /game/INSTALL.md
HEAD /game/INSTALL.md
HEAD /game/INSTALL.md
HEAD /game/INSTALL.md
HEAD /game/INSTALL.md
HEAD /game/INSTALL.md
HEAD /game/INSTALL.md
HEAD /game/INSTALL.md
HEAD /game/INSTALL.md
HEAD /game/INSTALL.md
HEAD /game/INSTALL.md
HEAD /game/INSTALL.md
HEAD /game/INSTALL.md
HEAD /game/INSTALL.md
HEAD /game/INSTALL.md
HEAD /game/INSTALL.md
HEAD /game/INSTALL.md
HEAD /game/INSTALL.md
HEAD /game/INSTALL.md
HEAD /game/INSTALL.md
HEAD /game/INSTALL.md
HEAD /game/INSTALL.md
HEAD /game/INSTALL.md
HEAD /game/INSTALL.md
HEAD /game/INSTALL.md
HEAD /game/INSTALL.md
HEAD /game/INSTALL.md
HEAD /game/INSTALL.md
HEAD /game/INSTALL.md
HEAD /game/INSTALL.md
HEAD /game/INSTALL.md
HEAD /game/INSTALL.md
HEAD /game/INSTALL.md
HEAD /game/INSTALL.md
HEAD /game/INSTALL.md
